!!!is begin!!!
=======================
[2020-01-18 16:44:54]; Текст: Cannot call indexAction on app\controllers\MainController because it is not a class nor a valid container entry | Файл: /var/www/shortUrl/vendor/php-di/invoker/src/CallableResolver.php | Строка: 104 
=======================
[2020-01-18 16:50:47]; Текст: Cannot call indexAction on app\controllers\MainController because it is not a class nor a valid container entry | Файл: /var/www/shortUrl/vendor/php-di/invoker/src/CallableResolver.php | Строка: 104 
=======================
[2020-01-18 16:50:51]; Текст: Cannot call indexAction on app\controllers\MainController because it is not a class nor a valid container entry | Файл: /var/www/shortUrl/vendor/php-di/invoker/src/CallableResolver.php | Строка: 104 
=======================
[2020-01-18 16:51:12]; Текст: Cannot call indexAction on app\controllers\MainController because it is not a class nor a valid container entry | Файл: /var/www/shortUrl/vendor/php-di/invoker/src/CallableResolver.php | Строка: 104 
=======================
[2020-01-18 16:52:04]; Текст: Cannot call indexAction on app\controllers\MainController because it is not a class nor a valid container entry | Файл: /var/www/shortUrl/vendor/php-di/invoker/src/CallableResolver.php | Строка: 104 
=======================
[2020-01-18 16:54:14]; Текст: Cannot call indexAction on app\controllers\MainController because it is not a class nor a valid container entry | Файл: /var/www/shortUrl/vendor/php-di/invoker/src/CallableResolver.php | Строка: 104 
=======================
[2020-01-18 16:56:09]; Текст: Cannot call indexAction on app\controllers\MainController because it is not a class nor a valid container entry | Файл: /var/www/shortUrl/vendor/php-di/invoker/src/CallableResolver.php | Строка: 104 
=======================
[2020-01-18 16:57:16]; Текст: Cannot call indexAction on app\controllers\MainController because it is not a class nor a valid container entry | Файл: /var/www/shortUrl/vendor/php-di/invoker/src/CallableResolver.php | Строка: 104 
=======================
[2020-01-18 16:57:17]; Текст: Cannot call indexAction on app\controllers\MainController because it is not a class nor a valid container entry | Файл: /var/www/shortUrl/vendor/php-di/invoker/src/CallableResolver.php | Строка: 104 
=======================
[2020-01-18 16:57:26]; Текст: Cannot call indexAction on app\controllers\MainController because it is not a class nor a valid container entry | Файл: /var/www/shortUrl/vendor/php-di/invoker/src/CallableResolver.php | Строка: 104 
=======================
[2020-01-18 16:57:38]; Текст: Cannot call indexAction on app\controllers\MainController because it is not a class nor a valid container entry | Файл: /var/www/shortUrl/vendor/php-di/invoker/src/CallableResolver.php | Строка: 104 
=======================
[2020-01-18 16:57:41]; Текст: Cannot call indexAction on app\controllers\MainController because it is not a class nor a valid container entry | Файл: /var/www/shortUrl/vendor/php-di/invoker/src/CallableResolver.php | Строка: 104 
=======================
[2020-01-18 16:59:13]; Текст: Undefined variable: auth | Файл: /var/www/shortUrl/app/views/index.php | Строка: 26 
=======================
[2020-01-18 17:00:30]; Текст: Undefined variable: directSort | Файл: /var/www/shortUrl/app/views/index.php | Строка: 37 
=======================
[2020-01-18 19:52:32]; Текст: Array to string conversion | Файл: /var/www/shortUrl/app/controllers/MainController.php | Строка: 21 
=======================
[2020-01-18 19:58:53]; Текст: Undefined index: origin_url | Файл: /var/www/shortUrl/app/controllers/MainController.php | Строка: 21 
=======================
[2020-01-18 20:34:42]; Текст: SQLSTATE[42S02]: Base table or view not found: 1146 Table 'issues.urls' doesn't exist (SQL: insert into `urls` (`origin_url`, `short_url`, `ip_client`, `updated_at`, `created_at`) values (f, 7cWSEsSZZ, 127.0.0.1, 1579354482, 1579354482)) | Файл: /var/www/shortUrl/vendor/illuminate/database/Connection.php | Строка:  
=======================
[2020-01-18 20:35:30]; Текст: SQLSTATE[42S22]: Column not found: 1054 Unknown column 'updated_at' in 'field list' (SQL: insert into `urls` (`origin_url`, `short_url`, `ip_client`, `updated_at`, `created_at`) values (f, sF0SEO010, 127.0.0.1, 1579354530, 1579354530)) | Файл: /var/www/shortUrl/vendor/illuminate/database/Connection.php | Строка:  
=======================
[2020-01-18 20:40:29]; Текст: SQLSTATE[42S22]: Column not found: 1054 Unknown column 'updated_at' in 'field list' (SQL: insert into `urls` (`origin_url`, `short_url`, `ip_client`, `updated_at`, `created_at`) values (f, wQiB9clpW, 127.0.0.1, 1579354829, 1579354829)) | Файл: /var/www/shortUrl/vendor/illuminate/database/Connection.php | Строка:  
=======================
[2020-01-18 20:50:03]; Текст: SQLSTATE[42S22]: Column not found: 1054 Unknown column 'updated_at' in 'field list' (SQL: insert into `urls` (`origin_url`, `short_url`, `ip_client`, `updated_at`, `created_at`) values (f, 1oUEwU1YV, 127.0.0.1, 1579355403, 1579355403)) | Файл: /var/www/shortUrl/vendor/illuminate/database/Connection.php | Строка:  
=======================
[2020-01-18 20:50:25]; Текст: SQLSTATE[HY000]: General error: 1364 Field 'user_agent' doesn't have a default value (SQL: insert into `urls` (`origin_url`, `short_url`, `ip_client`) values (f, g3eMWYSud, 127.0.0.1)) | Файл: /var/www/shortUrl/vendor/illuminate/database/Connection.php | Строка:  
=======================
[2020-01-18 20:51:14]; Текст: SQLSTATE[HY000]: General error: 1364 Field 'created_at' doesn't have a default value (SQL: insert into `urls` (`origin_url`, `short_url`, `ip_client`, `user_agent`) values (f, FTjJxL5Xw, 127.0.0.1, Mozilla/5.0 (X11; Ubuntu; Linux x86_64; rv:68.0) Gecko/20100101 Firefox/68.0)) | Файл: /var/www/shortUrl/vendor/illuminate/database/Connection.php | Строка:  
=======================
[2020-01-18 21:44:29]; Текст: Static route "/logout" is shadowed by previously defined variable route "/([^/]+)" for method "GET" | Файл: /var/www/shortUrl/vendor/nikic/fast-route/src/DataGenerator/RegexBasedAbstract.php | Строка: 95 
=======================
[2020-01-18 22:06:46]; Текст: Property [origin_url] does not exist on this collection instance. | Файл: /var/www/shortUrl/vendor/illuminate/support/Collection.php | Строка: 2160 
=======================
[2020-01-18 22:07:08]; Текст: Undefined property: Illuminate\Database\Query\Builder::$origin_url | Файл: /var/www/shortUrl/app/controllers/MainController.php | Строка: 42 
=======================
[2020-01-18 22:07:41]; Текст: Cannot use object of type Illuminate\Database\Query\Builder as array | Файл: /var/www/shortUrl/app/controllers/MainController.php | Строка: 42 
=======================
[2020-01-18 22:07:55]; Текст: Undefined index: origin_url | Файл: /var/www/shortUrl/vendor/illuminate/support/Collection.php | Строка: 2073 
=======================
[2020-01-18 22:08:16]; Текст: Undefined index: origin_url | Файл: /var/www/shortUrl/vendor/illuminate/support/Collection.php | Строка: 2073 
=======================
[2020-01-18 22:08:38]; Текст: Cannot use object of type stdClass as array | Файл: /var/www/shortUrl/app/controllers/MainController.php | Строка: 43 
=======================
[2020-01-18 22:08:59]; Текст: Trying to get property 'origin_url' of non-object | Файл: /var/www/shortUrl/app/controllers/MainController.php | Строка: 43 
=======================
[2020-01-19 12:59:45]; Текст: Cannot use object of type stdClass as array | Файл: /var/www/shortUrl/app/controllers/MainController.php | Строка: 44 
=======================
